


ARM Macro Assembler    Page 1 


    1 00000000         ;*******************************************************
                       ********************************************************
                       ***************************
    2 00000000         ; 文件名称: startup_SWM220.s
    3 00000000         ; 功能说明: SWM220单片机的启动文件
    4 00000000         ; 技术支持: http://www.synwit.com.cn/e/tool/gbook/?bid=1
                       
    5 00000000         ; 注意事项:
    6 00000000         ; 版本日期: V1.0.0  2016年1月30日
    7 00000000         ; 升级记录:
    8 00000000         ;
    9 00000000         ;
   10 00000000         ;*******************************************************
                       ********************************************************
                       ***************************
   11 00000000         ; @attention
   12 00000000         ;
   13 00000000         ; THE PRESENT FIRMWARE WHICH IS FOR GUIDANCE ONLY AIMS A
                       T PROVIDING CUSTOMERS WITH CODING INFORMATION
   14 00000000         ; REGARDING THEIR PRODUCTS IN ORDER FOR THEM TO SAVE TIM
                       E. AS A RESULT, SYNWIT SHALL NOT BE HELD LIABLE
   15 00000000         ; FOR ANY DIRECT, INDIRECT OR CONSEQUENTIAL DAMAGES WITH
                        RESPECT TO ANY CLAIMS ARISING FROM THE CONTENT
   16 00000000         ; OF SUCH FIRMWARE AND/OR THE USE MADE BY CUSTOMERS OF T
                       HE CODING INFORMATION CONTAINED HEREIN IN CONN-
   17 00000000         ; -ECTION WITH THEIR PRODUCTS.
   18 00000000         ;
   19 00000000         ; COPYRIGHT 2012 Synwit Technology
   20 00000000         ;*******************************************************
                       ********************************************************
                       ***************************
   21 00000000         
   22 00000000         
   23 00000000         ; <h> Stack Configuration
   24 00000000         ;   <o> Stack Size (in Bytes) <0x0-0xFFFFFFFF:8>
   25 00000000         ; </h>
   26 00000000         
   27 00000000 00000400 
                       Stack_Size
                               EQU              0x400       ;
   28 00000000         
   29 00000000                 AREA             STACK, NOINIT, READWRITE, ALIGN
=3
   30 00000000         Stack_Mem
                               SPACE            Stack_Size
   31 00000400         __initial_sp
   32 00000400         
   33 00000400         
   34 00000400         ; <h> Heap Configuration
   35 00000400         ;   <o>  Heap Size (in Bytes) <0x0-0xFFFFFFFF:8>
   36 00000400         ; </h>
   37 00000400         
   38 00000400 00000000 
                       Heap_Size
                               EQU              0x000       ;
   39 00000400         
   40 00000400                 AREA             HEAP, NOINIT, READWRITE, ALIGN=
3
   41 00000000         __heap_base



ARM Macro Assembler    Page 2 


   42 00000000         Heap_Mem
                               SPACE            Heap_Size
   43 00000000         __heap_limit
   44 00000000         
   45 00000000         
   46 00000000                 PRESERVE8
   47 00000000                 THUMB
   48 00000000         
   49 00000000         ; Vector Table Mapped to Address 0 at Reset
   50 00000000         
   51 00000000                 AREA             RESET, DATA, READONLY
   52 00000000                 EXPORT           __Vectors
   53 00000000                 EXPORT           __Vectors_End
   54 00000000                 EXPORT           __Vectors_Size
   55 00000000         
   56 00000000 00000400 
                       __Vectors
                               DCD              Stack_Mem + Stack_Size 
                                                            ; Top of Stack
   57 00000004 00000000        DCD              Reset_Handler ; Reset Handler
   58 00000008 00000000        DCD              NMI_Handler ; NMI Handler
   59 0000000C 00000000        DCD              HardFault_Handler ; Hard Fault 
                                                            Handler
   60 00000010 00000000        DCD              0
   61 00000014 00000000        DCD              0
   62 00000018 00000000        DCD              0
   63 0000001C 00000000        DCD              0
   64 00000020 00000000        DCD              0
   65 00000024 00000000        DCD              0
   66 00000028 00000000        DCD              0
   67 0000002C 00000000        DCD              SVC_Handler ; SVCall Handler
   68 00000030 00000000        DCD              0
   69 00000034 00000000        DCD              0
   70 00000038 00000000        DCD              PendSV_Handler ; PendSV Handler
                                                            
   71 0000003C 00000000        DCD              SysTick_Handler 
                                                            ; SysTick Handler
   72 00000040         
   73 00000040         ; External Interrupts
   74 00000040 00000000        DCD              GPIOA0_Handler
   75 00000044 00000000        DCD              WDT_Handler
   76 00000048 00000000        DCD              TIMR3_Handler
   77 0000004C 00000000        DCD              PWMNC_Handler
   78 00000050 00000000        DCD              ADC_Handler
   79 00000054 00000000        DCD              TIMR2_Handler
   80 00000058 00000000        DCD              RTC_Handler
   81 0000005C 00000000        DCD              GPIOA1_Handler
   82 00000060 00000000        DCD              SPI1_Handler
   83 00000064 00000000        DCD              GPIOD1_Handler
   84 00000068 00000000        DCD              CAN_Handler
   85 0000006C 00000000        DCD              UART0_Handler
   86 00000070 00000000        DCD              I2C0_Handler
   87 00000074 00000000        DCD              SPI0_Handler
   88 00000078 00000000        DCD              GPIOA_Handler
   89 0000007C 00000000        DCD              TIMR1_Handler
   90 00000080 00000000        DCD              GPIOB0_Handler
   91 00000084 00000000        DCD              UART1_Handler
   92 00000088 00000000        DCD              GPIOB_Handler
   93 0000008C 00000000        DCD              TIMR0_Handler



ARM Macro Assembler    Page 3 


   94 00000090 00000000        DCD              GPIOB1_Handler
   95 00000094 00000000        DCD              PWMHE_Handler
   96 00000098 00000000        DCD              UART2_Handler
   97 0000009C 00000000        DCD              BOD_Handler
   98 000000A0 00000000        DCD              I2C1_Handler
   99 000000A4 00000000        DCD              GPIOC0_Handler
  100 000000A8 00000000        DCD              GPIOC1_Handler
  101 000000AC 00000000        DCD              UART3_Handler
  102 000000B0 00000000        DCD              PWMHALT_Handler
  103 000000B4 00000000        DCD              GPIOC_Handler
  104 000000B8 00000000        DCD              GPIOD_Handler
  105 000000BC 00000000        DCD              DMA_Handler
  106 000000C0         
  107 000000C0         __Vectors_End
  108 000000C0         
  109 000000C0 000000C0 
                       __Vectors_Size
                               EQU              __Vectors_End - __Vectors
  110 000000C0         
  111 000000C0         
  112 000000C0         
  113 000000C0                 AREA             |.text|, CODE, READONLY
  114 00000000         
  115 00000000         ; Reset Handler
  116 00000000         
  117 00000000         Reset_Handler
                               PROC
  118 00000000                 EXPORT           Reset_Handler   [WEAK]
  119 00000000                 IMPORT           __main
  120 00000000         
  121 00000000 4813            LDR              R0, =__main
  122 00000002 4700            BX               R0
  123 00000004                 ENDP
  124 00000004         
  125 00000004         
  126 00000004         ; Dummy Exception Handlers (infinite loops which can be 
                       modified)
  127 00000004         
  128 00000004         NMI_Handler
                               PROC
  129 00000004                 EXPORT           NMI_Handler    [WEAK]
  130 00000004 E7FE            B                .
  131 00000006                 ENDP
  132 00000006         
  133 00000006         HardFault_Handler
                               PROC
  134 00000006                 EXPORT           HardFault_Handler  [WEAK]
  135 00000006 E7FE            B                .
  136 00000008                 ENDP
  137 00000008         
  138 00000008         SVC_Handler
                               PROC
  139 00000008                 EXPORT           SVC_Handler       [WEAK]
  140 00000008 E7FE            B                .
  141 0000000A                 ENDP
  142 0000000A         
  143 0000000A         PendSV_Handler
                               PROC
  144 0000000A                 EXPORT           PendSV_Handler   [WEAK]



ARM Macro Assembler    Page 4 


  145 0000000A E7FE            B                .
  146 0000000C                 ENDP
  147 0000000C         
  148 0000000C         SysTick_Handler
                               PROC
  149 0000000C                 EXPORT           SysTick_Handler      [WEAK]
  150 0000000C E7FE            B                .
  151 0000000E                 ENDP
  152 0000000E         
  153 0000000E         GPIOA0_Handler
                               PROC
  154 0000000E                 EXPORT           GPIOA0_Handler      [WEAK]
  155 0000000E E7FE            B                .
  156 00000010                 ENDP
  157 00000010         
  158 00000010         WDT_Handler
                               PROC
  159 00000010                 EXPORT           WDT_Handler      [WEAK]
  160 00000010 E7FE            B                .
  161 00000012                 ENDP
  162 00000012         
  163 00000012         TIMR3_Handler
                               PROC
  164 00000012                 EXPORT           TIMR3_Handler      [WEAK]
  165 00000012 E7FE            B                .
  166 00000014                 ENDP
  167 00000014         
  168 00000014         PWMNC_Handler
                               PROC
  169 00000014                 EXPORT           PWMNC_Handler      [WEAK]
  170 00000014 E7FE            B                .
  171 00000016                 ENDP
  172 00000016         
  173 00000016         ADC_Handler
                               PROC
  174 00000016                 EXPORT           ADC_Handler      [WEAK]
  175 00000016 E7FE            B                .
  176 00000018                 ENDP
  177 00000018         
  178 00000018         TIMR2_Handler
                               PROC
  179 00000018                 EXPORT           TIMR2_Handler     [WEAK]
  180 00000018 E7FE            B                .
  181 0000001A                 ENDP
  182 0000001A         
  183 0000001A         RTC_Handler
                               PROC
  184 0000001A                 EXPORT           RTC_Handler      [WEAK]
  185 0000001A E7FE            B                .
  186 0000001C                 ENDP
  187 0000001C         
  188 0000001C         GPIOA1_Handler
                               PROC
  189 0000001C                 EXPORT           GPIOA1_Handler     [WEAK]
  190 0000001C E7FE            B                .
  191 0000001E                 ENDP
  192 0000001E         
  193 0000001E         SPI1_Handler
                               PROC



ARM Macro Assembler    Page 5 


  194 0000001E                 EXPORT           SPI1_Handler         [WEAK]
  195 0000001E E7FE            B                .
  196 00000020                 ENDP
  197 00000020         
  198 00000020         GPIOD1_Handler
                               PROC
  199 00000020                 EXPORT           GPIOD1_Handler     [WEAK]
  200 00000020 E7FE            B                .
  201 00000022                 ENDP
  202 00000022         
  203 00000022         CAN_Handler
                               PROC
  204 00000022                 EXPORT           CAN_Handler      [WEAK]
  205 00000022 E7FE            B                .
  206 00000024                 ENDP
  207 00000024         
  208 00000024         UART0_Handler
                               PROC
  209 00000024                 EXPORT           UART0_Handler     [WEAK]
  210 00000024 E7FE            B                .
  211 00000026                 ENDP
  212 00000026         
  213 00000026         I2C0_Handler
                               PROC
  214 00000026                 EXPORT           I2C0_Handler      [WEAK]
  215 00000026 E7FE            B                .
  216 00000028                 ENDP
  217 00000028         
  218 00000028         SPI0_Handler
                               PROC
  219 00000028                 EXPORT           SPI0_Handler      [WEAK]
  220 00000028 E7FE            B                .
  221 0000002A                 ENDP
  222 0000002A         
  223 0000002A         GPIOA_Handler
                               PROC
  224 0000002A                 EXPORT           GPIOA_Handler     [WEAK]
  225 0000002A E7FE            B                .
  226 0000002C                 ENDP
  227 0000002C         
  228 0000002C         TIMR1_Handler
                               PROC
  229 0000002C                 EXPORT           TIMR1_Handler     [WEAK]
  230 0000002C E7FE            B                .
  231 0000002E                 ENDP
  232 0000002E         
  233 0000002E         GPIOB0_Handler
                               PROC
  234 0000002E                 EXPORT           GPIOB0_Handler     [WEAK]
  235 0000002E E7FE            B                .
  236 00000030                 ENDP
  237 00000030         
  238 00000030         UART1_Handler
                               PROC
  239 00000030                 EXPORT           UART1_Handler     [WEAK]
  240 00000030 E7FE            B                .
  241 00000032                 ENDP
  242 00000032         
  243 00000032         GPIOB_Handler



ARM Macro Assembler    Page 6 


                               PROC
  244 00000032                 EXPORT           GPIOB_Handler      [WEAK]
  245 00000032 E7FE            B                .
  246 00000034                 ENDP
  247 00000034         
  248 00000034         TIMR0_Handler
                               PROC
  249 00000034                 EXPORT           TIMR0_Handler      [WEAK]
  250 00000034 E7FE            B                .
  251 00000036                 ENDP
  252 00000036         
  253 00000036         GPIOB1_Handler
                               PROC
  254 00000036                 EXPORT           GPIOB1_Handler      [WEAK]
  255 00000036 E7FE            B                .
  256 00000038                 ENDP
  257 00000038         
  258 00000038         PWMHE_Handler
                               PROC
  259 00000038                 EXPORT           PWMHE_Handler     [WEAK]
  260 00000038 E7FE            B                .
  261 0000003A                 ENDP
  262 0000003A         
  263 0000003A         UART2_Handler
                               PROC
  264 0000003A                 EXPORT           UART2_Handler      [WEAK]
  265 0000003A E7FE            B                .
  266 0000003C                 ENDP
  267 0000003C         
  268 0000003C         BOD_Handler
                               PROC
  269 0000003C                 EXPORT           BOD_Handler       [WEAK]
  270 0000003C E7FE            B                .
  271 0000003E                 ENDP
  272 0000003E         
  273 0000003E         I2C1_Handler
                               PROC
  274 0000003E                 EXPORT           I2C1_Handler      [WEAK]
  275 0000003E E7FE            B                .
  276 00000040                 ENDP
  277 00000040         
  278 00000040         GPIOC0_Handler
                               PROC
  279 00000040                 EXPORT           GPIOC0_Handler      [WEAK]
  280 00000040 E7FE            B                .
  281 00000042                 ENDP
  282 00000042         
  283 00000042         GPIOC1_Handler
                               PROC
  284 00000042                 EXPORT           GPIOC1_Handler      [WEAK]
  285 00000042 E7FE            B                .
  286 00000044                 ENDP
  287 00000044         
  288 00000044         UART3_Handler
                               PROC
  289 00000044                 EXPORT           UART3_Handler      [WEAK]
  290 00000044 E7FE            B                .
  291 00000046                 ENDP
  292 00000046         



ARM Macro Assembler    Page 7 


  293 00000046         PWMHALT_Handler
                               PROC
  294 00000046                 EXPORT           PWMHALT_Handler  [WEAK]
  295 00000046 E7FE            B                .
  296 00000048                 ENDP
  297 00000048                 ALIGN
  298 00000048         
  299 00000048         GPIOC_Handler
                               PROC
  300 00000048                 EXPORT           GPIOC_Handler      [WEAK]
  301 00000048 E7FE            B                .
  302 0000004A                 ENDP
  303 0000004A 00 00           ALIGN
  304 0000004C         
  305 0000004C         GPIOD_Handler
                               PROC
  306 0000004C                 EXPORT           GPIOD_Handler      [WEAK]
  307 0000004C E7FE            B                .
  308 0000004E                 ENDP
  309 0000004E         DMA_Handler
                               PROC
  310 0000004E                 EXPORT           DMA_Handler       [WEAK]
  311 0000004E E7FE            B                .
  312 00000050                 ENDP
  313 00000050                 ALIGN
  314 00000050         
  315 00000050         
  316 00000050         
  317 00000050         ; User Initial Stack & Heap
  318 00000050         
  319 00000050                 IF               :DEF:__MICROLIB
  320 00000050         
  321 00000050                 EXPORT           __initial_sp
  322 00000050                 EXPORT           __heap_base
  323 00000050                 EXPORT           __heap_limit
  324 00000050         
  325 00000050                 ELSE
  339                          ENDIF
  340 00000050         
  341 00000050         
  342 00000050                 END
              00000000 
Command Line: --debug --xref --diag_suppress=9931 --cpu=Cortex-M0 --apcs=interw
ork --depend=.\out\startup_swm220.d -o.\out\startup_swm220.o -I.\RTE\_SWM220 -I
C:\Users\xueji\AppData\Local\Arm\Packs\ARM\CMSIS\5.6.0\CMSIS\Core\Include -IC:\
Users\xueji\AppData\Local\Arm\Packs\Synwit\SWM32_DFP\1.8.4\CSL\SWM220\CMSIS\Dev
iceSupport --predefine="__MICROLIB SETA 1" --predefine="__UVISION_VERSION SETA 
529" --predefine="_RTE_ SETA 1" --list=.\out\startup_swm220.lst ..\..\SWM220_St
dPeriph_Driver\CSL\CMSIS\DeviceSupport\startup\arm\startup_SWM220.s



ARM Macro Assembler    Page 1 Alphabetic symbol ordering
Relocatable symbols

STACK 00000000

Symbol: STACK
   Definitions
      At line 29 in file ..\..\SWM220_StdPeriph_Driver\CSL\CMSIS\DeviceSupport\
startup\arm\startup_SWM220.s
   Uses
      None
Comment: STACK unused
Stack_Mem 00000000

Symbol: Stack_Mem
   Definitions
      At line 30 in file ..\..\SWM220_StdPeriph_Driver\CSL\CMSIS\DeviceSupport\
startup\arm\startup_SWM220.s
   Uses
      At line 56 in file ..\..\SWM220_StdPeriph_Driver\CSL\CMSIS\DeviceSupport\
startup\arm\startup_SWM220.s
Comment: Stack_Mem used once
__initial_sp 00000400

Symbol: __initial_sp
   Definitions
      At line 31 in file ..\..\SWM220_StdPeriph_Driver\CSL\CMSIS\DeviceSupport\
startup\arm\startup_SWM220.s
   Uses
      At line 321 in file ..\..\SWM220_StdPeriph_Driver\CSL\CMSIS\DeviceSupport
\startup\arm\startup_SWM220.s
Comment: __initial_sp used once
3 symbols



ARM Macro Assembler    Page 1 Alphabetic symbol ordering
Relocatable symbols

HEAP 00000000

Symbol: HEAP
   Definitions
      At line 40 in file ..\..\SWM220_StdPeriph_Driver\CSL\CMSIS\DeviceSupport\
startup\arm\startup_SWM220.s
   Uses
      None
Comment: HEAP unused
Heap_Mem 00000000

Symbol: Heap_Mem
   Definitions
      At line 42 in file ..\..\SWM220_StdPeriph_Driver\CSL\CMSIS\DeviceSupport\
startup\arm\startup_SWM220.s
   Uses
      None
Comment: Heap_Mem unused
__heap_base 00000000

Symbol: __heap_base
   Definitions
      At line 41 in file ..\..\SWM220_StdPeriph_Driver\CSL\CMSIS\DeviceSupport\
startup\arm\startup_SWM220.s
   Uses
      At line 322 in file ..\..\SWM220_StdPeriph_Driver\CSL\CMSIS\DeviceSupport
\startup\arm\startup_SWM220.s
Comment: __heap_base used once
__heap_limit 00000000

Symbol: __heap_limit
   Definitions
      At line 43 in file ..\..\SWM220_StdPeriph_Driver\CSL\CMSIS\DeviceSupport\
startup\arm\startup_SWM220.s
   Uses
      At line 323 in file ..\..\SWM220_StdPeriph_Driver\CSL\CMSIS\DeviceSupport
\startup\arm\startup_SWM220.s
Comment: __heap_limit used once
4 symbols



ARM Macro Assembler    Page 1 Alphabetic symbol ordering
Relocatable symbols

RESET 00000000

Symbol: RESET
   Definitions
      At line 51 in file ..\..\SWM220_StdPeriph_Driver\CSL\CMSIS\DeviceSupport\
startup\arm\startup_SWM220.s
   Uses
      None
Comment: RESET unused
__Vectors 00000000

Symbol: __Vectors
   Definitions
      At line 56 in file ..\..\SWM220_StdPeriph_Driver\CSL\CMSIS\DeviceSupport\
startup\arm\startup_SWM220.s
   Uses
      At line 52 in file ..\..\SWM220_StdPeriph_Driver\CSL\CMSIS\DeviceSupport\
startup\arm\startup_SWM220.s
      At line 109 in file ..\..\SWM220_StdPeriph_Driver\CSL\CMSIS\DeviceSupport
\startup\arm\startup_SWM220.s

__Vectors_End 000000C0

Symbol: __Vectors_End
   Definitions
      At line 107 in file ..\..\SWM220_StdPeriph_Driver\CSL\CMSIS\DeviceSupport
\startup\arm\startup_SWM220.s
   Uses
      At line 53 in file ..\..\SWM220_StdPeriph_Driver\CSL\CMSIS\DeviceSupport\
startup\arm\startup_SWM220.s
      At line 109 in file ..\..\SWM220_StdPeriph_Driver\CSL\CMSIS\DeviceSupport
\startup\arm\startup_SWM220.s

3 symbols



ARM Macro Assembler    Page 1 Alphabetic symbol ordering
Relocatable symbols

.text 00000000

Symbol: .text
   Definitions
      At line 113 in file ..\..\SWM220_StdPeriph_Driver\CSL\CMSIS\DeviceSupport
\startup\arm\startup_SWM220.s
   Uses
      None
Comment: .text unused
ADC_Handler 00000016

Symbol: ADC_Handler
   Definitions
      At line 173 in file ..\..\SWM220_StdPeriph_Driver\CSL\CMSIS\DeviceSupport
\startup\arm\startup_SWM220.s
   Uses
      At line 78 in file ..\..\SWM220_StdPeriph_Driver\CSL\CMSIS\DeviceSupport\
startup\arm\startup_SWM220.s
      At line 174 in file ..\..\SWM220_StdPeriph_Driver\CSL\CMSIS\DeviceSupport
\startup\arm\startup_SWM220.s

BOD_Handler 0000003C

Symbol: BOD_Handler
   Definitions
      At line 268 in file ..\..\SWM220_StdPeriph_Driver\CSL\CMSIS\DeviceSupport
\startup\arm\startup_SWM220.s
   Uses
      At line 97 in file ..\..\SWM220_StdPeriph_Driver\CSL\CMSIS\DeviceSupport\
startup\arm\startup_SWM220.s
      At line 269 in file ..\..\SWM220_StdPeriph_Driver\CSL\CMSIS\DeviceSupport
\startup\arm\startup_SWM220.s

CAN_Handler 00000022

Symbol: CAN_Handler
   Definitions
      At line 203 in file ..\..\SWM220_StdPeriph_Driver\CSL\CMSIS\DeviceSupport
\startup\arm\startup_SWM220.s
   Uses
      At line 84 in file ..\..\SWM220_StdPeriph_Driver\CSL\CMSIS\DeviceSupport\
startup\arm\startup_SWM220.s
      At line 204 in file ..\..\SWM220_StdPeriph_Driver\CSL\CMSIS\DeviceSupport
\startup\arm\startup_SWM220.s

DMA_Handler 0000004E

Symbol: DMA_Handler
   Definitions
      At line 309 in file ..\..\SWM220_StdPeriph_Driver\CSL\CMSIS\DeviceSupport
\startup\arm\startup_SWM220.s
   Uses
      At line 105 in file ..\..\SWM220_StdPeriph_Driver\CSL\CMSIS\DeviceSupport
\startup\arm\startup_SWM220.s
      At line 310 in file ..\..\SWM220_StdPeriph_Driver\CSL\CMSIS\DeviceSupport
\startup\arm\startup_SWM220.s

GPIOA0_Handler 0000000E




ARM Macro Assembler    Page 2 Alphabetic symbol ordering
Relocatable symbols

Symbol: GPIOA0_Handler
   Definitions
      At line 153 in file ..\..\SWM220_StdPeriph_Driver\CSL\CMSIS\DeviceSupport
\startup\arm\startup_SWM220.s
   Uses
      At line 74 in file ..\..\SWM220_StdPeriph_Driver\CSL\CMSIS\DeviceSupport\
startup\arm\startup_SWM220.s
      At line 154 in file ..\..\SWM220_StdPeriph_Driver\CSL\CMSIS\DeviceSupport
\startup\arm\startup_SWM220.s

GPIOA1_Handler 0000001C

Symbol: GPIOA1_Handler
   Definitions
      At line 188 in file ..\..\SWM220_StdPeriph_Driver\CSL\CMSIS\DeviceSupport
\startup\arm\startup_SWM220.s
   Uses
      At line 81 in file ..\..\SWM220_StdPeriph_Driver\CSL\CMSIS\DeviceSupport\
startup\arm\startup_SWM220.s
      At line 189 in file ..\..\SWM220_StdPeriph_Driver\CSL\CMSIS\DeviceSupport
\startup\arm\startup_SWM220.s

GPIOA_Handler 0000002A

Symbol: GPIOA_Handler
   Definitions
      At line 223 in file ..\..\SWM220_StdPeriph_Driver\CSL\CMSIS\DeviceSupport
\startup\arm\startup_SWM220.s
   Uses
      At line 88 in file ..\..\SWM220_StdPeriph_Driver\CSL\CMSIS\DeviceSupport\
startup\arm\startup_SWM220.s
      At line 224 in file ..\..\SWM220_StdPeriph_Driver\CSL\CMSIS\DeviceSupport
\startup\arm\startup_SWM220.s

GPIOB0_Handler 0000002E

Symbol: GPIOB0_Handler
   Definitions
      At line 233 in file ..\..\SWM220_StdPeriph_Driver\CSL\CMSIS\DeviceSupport
\startup\arm\startup_SWM220.s
   Uses
      At line 90 in file ..\..\SWM220_StdPeriph_Driver\CSL\CMSIS\DeviceSupport\
startup\arm\startup_SWM220.s
      At line 234 in file ..\..\SWM220_StdPeriph_Driver\CSL\CMSIS\DeviceSupport
\startup\arm\startup_SWM220.s

GPIOB1_Handler 00000036

Symbol: GPIOB1_Handler
   Definitions
      At line 253 in file ..\..\SWM220_StdPeriph_Driver\CSL\CMSIS\DeviceSupport
\startup\arm\startup_SWM220.s
   Uses
      At line 94 in file ..\..\SWM220_StdPeriph_Driver\CSL\CMSIS\DeviceSupport\
startup\arm\startup_SWM220.s
      At line 254 in file ..\..\SWM220_StdPeriph_Driver\CSL\CMSIS\DeviceSupport
\startup\arm\startup_SWM220.s

GPIOB_Handler 00000032



ARM Macro Assembler    Page 3 Alphabetic symbol ordering
Relocatable symbols


Symbol: GPIOB_Handler
   Definitions
      At line 243 in file ..\..\SWM220_StdPeriph_Driver\CSL\CMSIS\DeviceSupport
\startup\arm\startup_SWM220.s
   Uses
      At line 92 in file ..\..\SWM220_StdPeriph_Driver\CSL\CMSIS\DeviceSupport\
startup\arm\startup_SWM220.s
      At line 244 in file ..\..\SWM220_StdPeriph_Driver\CSL\CMSIS\DeviceSupport
\startup\arm\startup_SWM220.s

GPIOC0_Handler 00000040

Symbol: GPIOC0_Handler
   Definitions
      At line 278 in file ..\..\SWM220_StdPeriph_Driver\CSL\CMSIS\DeviceSupport
\startup\arm\startup_SWM220.s
   Uses
      At line 99 in file ..\..\SWM220_StdPeriph_Driver\CSL\CMSIS\DeviceSupport\
startup\arm\startup_SWM220.s
      At line 279 in file ..\..\SWM220_StdPeriph_Driver\CSL\CMSIS\DeviceSupport
\startup\arm\startup_SWM220.s

GPIOC1_Handler 00000042

Symbol: GPIOC1_Handler
   Definitions
      At line 283 in file ..\..\SWM220_StdPeriph_Driver\CSL\CMSIS\DeviceSupport
\startup\arm\startup_SWM220.s
   Uses
      At line 100 in file ..\..\SWM220_StdPeriph_Driver\CSL\CMSIS\DeviceSupport
\startup\arm\startup_SWM220.s
      At line 284 in file ..\..\SWM220_StdPeriph_Driver\CSL\CMSIS\DeviceSupport
\startup\arm\startup_SWM220.s

GPIOC_Handler 00000048

Symbol: GPIOC_Handler
   Definitions
      At line 299 in file ..\..\SWM220_StdPeriph_Driver\CSL\CMSIS\DeviceSupport
\startup\arm\startup_SWM220.s
   Uses
      At line 103 in file ..\..\SWM220_StdPeriph_Driver\CSL\CMSIS\DeviceSupport
\startup\arm\startup_SWM220.s
      At line 300 in file ..\..\SWM220_StdPeriph_Driver\CSL\CMSIS\DeviceSupport
\startup\arm\startup_SWM220.s

GPIOD1_Handler 00000020

Symbol: GPIOD1_Handler
   Definitions
      At line 198 in file ..\..\SWM220_StdPeriph_Driver\CSL\CMSIS\DeviceSupport
\startup\arm\startup_SWM220.s
   Uses
      At line 83 in file ..\..\SWM220_StdPeriph_Driver\CSL\CMSIS\DeviceSupport\
startup\arm\startup_SWM220.s
      At line 199 in file ..\..\SWM220_StdPeriph_Driver\CSL\CMSIS\DeviceSupport
\startup\arm\startup_SWM220.s




ARM Macro Assembler    Page 4 Alphabetic symbol ordering
Relocatable symbols

GPIOD_Handler 0000004C

Symbol: GPIOD_Handler
   Definitions
      At line 305 in file ..\..\SWM220_StdPeriph_Driver\CSL\CMSIS\DeviceSupport
\startup\arm\startup_SWM220.s
   Uses
      At line 104 in file ..\..\SWM220_StdPeriph_Driver\CSL\CMSIS\DeviceSupport
\startup\arm\startup_SWM220.s
      At line 306 in file ..\..\SWM220_StdPeriph_Driver\CSL\CMSIS\DeviceSupport
\startup\arm\startup_SWM220.s

HardFault_Handler 00000006

Symbol: HardFault_Handler
   Definitions
      At line 133 in file ..\..\SWM220_StdPeriph_Driver\CSL\CMSIS\DeviceSupport
\startup\arm\startup_SWM220.s
   Uses
      At line 59 in file ..\..\SWM220_StdPeriph_Driver\CSL\CMSIS\DeviceSupport\
startup\arm\startup_SWM220.s
      At line 134 in file ..\..\SWM220_StdPeriph_Driver\CSL\CMSIS\DeviceSupport
\startup\arm\startup_SWM220.s

I2C0_Handler 00000026

Symbol: I2C0_Handler
   Definitions
      At line 213 in file ..\..\SWM220_StdPeriph_Driver\CSL\CMSIS\DeviceSupport
\startup\arm\startup_SWM220.s
   Uses
      At line 86 in file ..\..\SWM220_StdPeriph_Driver\CSL\CMSIS\DeviceSupport\
startup\arm\startup_SWM220.s
      At line 214 in file ..\..\SWM220_StdPeriph_Driver\CSL\CMSIS\DeviceSupport
\startup\arm\startup_SWM220.s

I2C1_Handler 0000003E

Symbol: I2C1_Handler
   Definitions
      At line 273 in file ..\..\SWM220_StdPeriph_Driver\CSL\CMSIS\DeviceSupport
\startup\arm\startup_SWM220.s
   Uses
      At line 98 in file ..\..\SWM220_StdPeriph_Driver\CSL\CMSIS\DeviceSupport\
startup\arm\startup_SWM220.s
      At line 274 in file ..\..\SWM220_StdPeriph_Driver\CSL\CMSIS\DeviceSupport
\startup\arm\startup_SWM220.s

NMI_Handler 00000004

Symbol: NMI_Handler
   Definitions
      At line 128 in file ..\..\SWM220_StdPeriph_Driver\CSL\CMSIS\DeviceSupport
\startup\arm\startup_SWM220.s
   Uses
      At line 58 in file ..\..\SWM220_StdPeriph_Driver\CSL\CMSIS\DeviceSupport\
startup\arm\startup_SWM220.s
      At line 129 in file ..\..\SWM220_StdPeriph_Driver\CSL\CMSIS\DeviceSupport
\startup\arm\startup_SWM220.s



ARM Macro Assembler    Page 5 Alphabetic symbol ordering
Relocatable symbols


PWMHALT_Handler 00000046

Symbol: PWMHALT_Handler
   Definitions
      At line 293 in file ..\..\SWM220_StdPeriph_Driver\CSL\CMSIS\DeviceSupport
\startup\arm\startup_SWM220.s
   Uses
      At line 102 in file ..\..\SWM220_StdPeriph_Driver\CSL\CMSIS\DeviceSupport
\startup\arm\startup_SWM220.s
      At line 294 in file ..\..\SWM220_StdPeriph_Driver\CSL\CMSIS\DeviceSupport
\startup\arm\startup_SWM220.s

PWMHE_Handler 00000038

Symbol: PWMHE_Handler
   Definitions
      At line 258 in file ..\..\SWM220_StdPeriph_Driver\CSL\CMSIS\DeviceSupport
\startup\arm\startup_SWM220.s
   Uses
      At line 95 in file ..\..\SWM220_StdPeriph_Driver\CSL\CMSIS\DeviceSupport\
startup\arm\startup_SWM220.s
      At line 259 in file ..\..\SWM220_StdPeriph_Driver\CSL\CMSIS\DeviceSupport
\startup\arm\startup_SWM220.s

PWMNC_Handler 00000014

Symbol: PWMNC_Handler
   Definitions
      At line 168 in file ..\..\SWM220_StdPeriph_Driver\CSL\CMSIS\DeviceSupport
\startup\arm\startup_SWM220.s
   Uses
      At line 77 in file ..\..\SWM220_StdPeriph_Driver\CSL\CMSIS\DeviceSupport\
startup\arm\startup_SWM220.s
      At line 169 in file ..\..\SWM220_StdPeriph_Driver\CSL\CMSIS\DeviceSupport
\startup\arm\startup_SWM220.s

PendSV_Handler 0000000A

Symbol: PendSV_Handler
   Definitions
      At line 143 in file ..\..\SWM220_StdPeriph_Driver\CSL\CMSIS\DeviceSupport
\startup\arm\startup_SWM220.s
   Uses
      At line 70 in file ..\..\SWM220_StdPeriph_Driver\CSL\CMSIS\DeviceSupport\
startup\arm\startup_SWM220.s
      At line 144 in file ..\..\SWM220_StdPeriph_Driver\CSL\CMSIS\DeviceSupport
\startup\arm\startup_SWM220.s

RTC_Handler 0000001A

Symbol: RTC_Handler
   Definitions
      At line 183 in file ..\..\SWM220_StdPeriph_Driver\CSL\CMSIS\DeviceSupport
\startup\arm\startup_SWM220.s
   Uses
      At line 80 in file ..\..\SWM220_StdPeriph_Driver\CSL\CMSIS\DeviceSupport\
startup\arm\startup_SWM220.s
      At line 184 in file ..\..\SWM220_StdPeriph_Driver\CSL\CMSIS\DeviceSupport



ARM Macro Assembler    Page 6 Alphabetic symbol ordering
Relocatable symbols

\startup\arm\startup_SWM220.s

Reset_Handler 00000000

Symbol: Reset_Handler
   Definitions
      At line 117 in file ..\..\SWM220_StdPeriph_Driver\CSL\CMSIS\DeviceSupport
\startup\arm\startup_SWM220.s
   Uses
      At line 57 in file ..\..\SWM220_StdPeriph_Driver\CSL\CMSIS\DeviceSupport\
startup\arm\startup_SWM220.s
      At line 118 in file ..\..\SWM220_StdPeriph_Driver\CSL\CMSIS\DeviceSupport
\startup\arm\startup_SWM220.s

SPI0_Handler 00000028

Symbol: SPI0_Handler
   Definitions
      At line 218 in file ..\..\SWM220_StdPeriph_Driver\CSL\CMSIS\DeviceSupport
\startup\arm\startup_SWM220.s
   Uses
      At line 87 in file ..\..\SWM220_StdPeriph_Driver\CSL\CMSIS\DeviceSupport\
startup\arm\startup_SWM220.s
      At line 219 in file ..\..\SWM220_StdPeriph_Driver\CSL\CMSIS\DeviceSupport
\startup\arm\startup_SWM220.s

SPI1_Handler 0000001E

Symbol: SPI1_Handler
   Definitions
      At line 193 in file ..\..\SWM220_StdPeriph_Driver\CSL\CMSIS\DeviceSupport
\startup\arm\startup_SWM220.s
   Uses
      At line 82 in file ..\..\SWM220_StdPeriph_Driver\CSL\CMSIS\DeviceSupport\
startup\arm\startup_SWM220.s
      At line 194 in file ..\..\SWM220_StdPeriph_Driver\CSL\CMSIS\DeviceSupport
\startup\arm\startup_SWM220.s

SVC_Handler 00000008

Symbol: SVC_Handler
   Definitions
      At line 138 in file ..\..\SWM220_StdPeriph_Driver\CSL\CMSIS\DeviceSupport
\startup\arm\startup_SWM220.s
   Uses
      At line 67 in file ..\..\SWM220_StdPeriph_Driver\CSL\CMSIS\DeviceSupport\
startup\arm\startup_SWM220.s
      At line 139 in file ..\..\SWM220_StdPeriph_Driver\CSL\CMSIS\DeviceSupport
\startup\arm\startup_SWM220.s

SysTick_Handler 0000000C

Symbol: SysTick_Handler
   Definitions
      At line 148 in file ..\..\SWM220_StdPeriph_Driver\CSL\CMSIS\DeviceSupport
\startup\arm\startup_SWM220.s
   Uses
      At line 71 in file ..\..\SWM220_StdPeriph_Driver\CSL\CMSIS\DeviceSupport\
startup\arm\startup_SWM220.s



ARM Macro Assembler    Page 7 Alphabetic symbol ordering
Relocatable symbols

      At line 149 in file ..\..\SWM220_StdPeriph_Driver\CSL\CMSIS\DeviceSupport
\startup\arm\startup_SWM220.s

TIMR0_Handler 00000034

Symbol: TIMR0_Handler
   Definitions
      At line 248 in file ..\..\SWM220_StdPeriph_Driver\CSL\CMSIS\DeviceSupport
\startup\arm\startup_SWM220.s
   Uses
      At line 93 in file ..\..\SWM220_StdPeriph_Driver\CSL\CMSIS\DeviceSupport\
startup\arm\startup_SWM220.s
      At line 249 in file ..\..\SWM220_StdPeriph_Driver\CSL\CMSIS\DeviceSupport
\startup\arm\startup_SWM220.s

TIMR1_Handler 0000002C

Symbol: TIMR1_Handler
   Definitions
      At line 228 in file ..\..\SWM220_StdPeriph_Driver\CSL\CMSIS\DeviceSupport
\startup\arm\startup_SWM220.s
   Uses
      At line 89 in file ..\..\SWM220_StdPeriph_Driver\CSL\CMSIS\DeviceSupport\
startup\arm\startup_SWM220.s
      At line 229 in file ..\..\SWM220_StdPeriph_Driver\CSL\CMSIS\DeviceSupport
\startup\arm\startup_SWM220.s

TIMR2_Handler 00000018

Symbol: TIMR2_Handler
   Definitions
      At line 178 in file ..\..\SWM220_StdPeriph_Driver\CSL\CMSIS\DeviceSupport
\startup\arm\startup_SWM220.s
   Uses
      At line 79 in file ..\..\SWM220_StdPeriph_Driver\CSL\CMSIS\DeviceSupport\
startup\arm\startup_SWM220.s
      At line 179 in file ..\..\SWM220_StdPeriph_Driver\CSL\CMSIS\DeviceSupport
\startup\arm\startup_SWM220.s

TIMR3_Handler 00000012

Symbol: TIMR3_Handler
   Definitions
      At line 163 in file ..\..\SWM220_StdPeriph_Driver\CSL\CMSIS\DeviceSupport
\startup\arm\startup_SWM220.s
   Uses
      At line 76 in file ..\..\SWM220_StdPeriph_Driver\CSL\CMSIS\DeviceSupport\
startup\arm\startup_SWM220.s
      At line 164 in file ..\..\SWM220_StdPeriph_Driver\CSL\CMSIS\DeviceSupport
\startup\arm\startup_SWM220.s

UART0_Handler 00000024

Symbol: UART0_Handler
   Definitions
      At line 208 in file ..\..\SWM220_StdPeriph_Driver\CSL\CMSIS\DeviceSupport
\startup\arm\startup_SWM220.s
   Uses
      At line 85 in file ..\..\SWM220_StdPeriph_Driver\CSL\CMSIS\DeviceSupport\



ARM Macro Assembler    Page 8 Alphabetic symbol ordering
Relocatable symbols

startup\arm\startup_SWM220.s
      At line 209 in file ..\..\SWM220_StdPeriph_Driver\CSL\CMSIS\DeviceSupport
\startup\arm\startup_SWM220.s

UART1_Handler 00000030

Symbol: UART1_Handler
   Definitions
      At line 238 in file ..\..\SWM220_StdPeriph_Driver\CSL\CMSIS\DeviceSupport
\startup\arm\startup_SWM220.s
   Uses
      At line 91 in file ..\..\SWM220_StdPeriph_Driver\CSL\CMSIS\DeviceSupport\
startup\arm\startup_SWM220.s
      At line 239 in file ..\..\SWM220_StdPeriph_Driver\CSL\CMSIS\DeviceSupport
\startup\arm\startup_SWM220.s

UART2_Handler 0000003A

Symbol: UART2_Handler
   Definitions
      At line 263 in file ..\..\SWM220_StdPeriph_Driver\CSL\CMSIS\DeviceSupport
\startup\arm\startup_SWM220.s
   Uses
      At line 96 in file ..\..\SWM220_StdPeriph_Driver\CSL\CMSIS\DeviceSupport\
startup\arm\startup_SWM220.s
      At line 264 in file ..\..\SWM220_StdPeriph_Driver\CSL\CMSIS\DeviceSupport
\startup\arm\startup_SWM220.s

UART3_Handler 00000044

Symbol: UART3_Handler
   Definitions
      At line 288 in file ..\..\SWM220_StdPeriph_Driver\CSL\CMSIS\DeviceSupport
\startup\arm\startup_SWM220.s
   Uses
      At line 101 in file ..\..\SWM220_StdPeriph_Driver\CSL\CMSIS\DeviceSupport
\startup\arm\startup_SWM220.s
      At line 289 in file ..\..\SWM220_StdPeriph_Driver\CSL\CMSIS\DeviceSupport
\startup\arm\startup_SWM220.s

WDT_Handler 00000010

Symbol: WDT_Handler
   Definitions
      At line 158 in file ..\..\SWM220_StdPeriph_Driver\CSL\CMSIS\DeviceSupport
\startup\arm\startup_SWM220.s
   Uses
      At line 75 in file ..\..\SWM220_StdPeriph_Driver\CSL\CMSIS\DeviceSupport\
startup\arm\startup_SWM220.s
      At line 159 in file ..\..\SWM220_StdPeriph_Driver\CSL\CMSIS\DeviceSupport
\startup\arm\startup_SWM220.s

39 symbols



ARM Macro Assembler    Page 1 Alphabetic symbol ordering
Absolute symbols

Heap_Size 00000000

Symbol: Heap_Size
   Definitions
      At line 38 in file ..\..\SWM220_StdPeriph_Driver\CSL\CMSIS\DeviceSupport\
startup\arm\startup_SWM220.s
   Uses
      At line 42 in file ..\..\SWM220_StdPeriph_Driver\CSL\CMSIS\DeviceSupport\
startup\arm\startup_SWM220.s
Comment: Heap_Size used once
Stack_Size 00000400

Symbol: Stack_Size
   Definitions
      At line 27 in file ..\..\SWM220_StdPeriph_Driver\CSL\CMSIS\DeviceSupport\
startup\arm\startup_SWM220.s
   Uses
      At line 30 in file ..\..\SWM220_StdPeriph_Driver\CSL\CMSIS\DeviceSupport\
startup\arm\startup_SWM220.s
      At line 56 in file ..\..\SWM220_StdPeriph_Driver\CSL\CMSIS\DeviceSupport\
startup\arm\startup_SWM220.s

__Vectors_Size 000000C0

Symbol: __Vectors_Size
   Definitions
      At line 109 in file ..\..\SWM220_StdPeriph_Driver\CSL\CMSIS\DeviceSupport
\startup\arm\startup_SWM220.s
   Uses
      At line 54 in file ..\..\SWM220_StdPeriph_Driver\CSL\CMSIS\DeviceSupport\
startup\arm\startup_SWM220.s
Comment: __Vectors_Size used once
3 symbols



ARM Macro Assembler    Page 1 Alphabetic symbol ordering
External symbols

__main 00000000

Symbol: __main
   Definitions
      At line 119 in file ..\..\SWM220_StdPeriph_Driver\CSL\CMSIS\DeviceSupport
\startup\arm\startup_SWM220.s
   Uses
      At line 121 in file ..\..\SWM220_StdPeriph_Driver\CSL\CMSIS\DeviceSupport
\startup\arm\startup_SWM220.s
Comment: __main used once
1 symbol
388 symbols in table
